15:58:04.104 [main] INFO  p.y.JavaCodeApplication - [logStarting,55] - Starting JavaCodeApplication on YCY.local with PID 13924 (/Users/yangchenyu/workspace/idea/study/java-code/target/classes started by yangchenyu in /Users/yangchenyu/workspace/idea/study/java-code)
15:58:04.125 [main] INFO  p.y.JavaCodeApplication - [logStartupProfileInfo,655] - The following profiles are active: druid
15:58:06.022 [main] INFO  o.a.c.h.Http11NioProtocol - [log,173] - Initializing ProtocolHandler ["http-nio-8080"]
15:58:06.023 [main] INFO  o.a.c.c.StandardService - [log,173] - Starting service [Tomcat]
15:58:06.023 [main] INFO  o.a.c.c.StandardEngine - [log,173] - Starting Servlet engine: [Apache Tomcat/9.0.35]
15:58:06.124 [main] INFO  o.a.c.c.C.[.[.[/code] - [log,173] - Initializing Spring embedded WebApplicationContext
15:58:06.250 [main] INFO  c.a.d.s.b.a.DruidDataSourceAutoConfigure - [dataSource,56] - Init DruidDataSource
15:58:06.664 [main] INFO  c.a.d.p.DruidDataSource - [init,1003] - {dataSource-1} inited
15:58:07.013 [main] INFO  s.d.s.w.PropertySourcedRequestMappingHandlerMapping - [initHandlerMethods,69] - Mapped URL path [/v2/api-docs] onto method [springfox.documentation.swagger2.web.Swagger2Controller#getDocumentation(String, HttpServletRequest)]
15:58:08.128 [main] INFO  o.a.c.h.Http11NioProtocol - [log,173] - Starting ProtocolHandler ["http-nio-8080"]
15:58:08.158 [main] INFO  s.d.s.w.p.DocumentationPluginsBootstrapper - [start,160] - Context refreshed
15:58:08.183 [main] INFO  s.d.s.w.p.DocumentationPluginsBootstrapper - [start,163] - Found 1 custom documentation plugin(s)
15:58:08.218 [main] INFO  s.d.s.w.s.ApiListingReferenceScanner - [scan,41] - Scanning for api listing references
15:58:08.421 [main] INFO  p.y.JavaCodeApplication - [logStarted,61] - Started JavaCodeApplication in 4.829 seconds (JVM running for 6.101)
15:59:53.852 [http-nio-8080-exec-1] INFO  o.a.c.c.C.[.[.[/code] - [log,173] - Initializing Spring DispatcherServlet 'dispatcherServlet'
17:33:24.604 [SpringContextShutdownHook] INFO  c.a.d.p.DruidDataSource - [close,1948] - {dataSource-1} closing ...
17:33:24.613 [SpringContextShutdownHook] INFO  c.a.d.p.DruidDataSource - [close,2020] - {dataSource-1} closed
17:33:29.551 [main] INFO  p.y.JavaCodeApplication - [logStarting,55] - Starting JavaCodeApplication on YCY.local with PID 15284 (/Users/yangchenyu/workspace/idea/study/java-code/target/classes started by yangchenyu in /Users/yangchenyu/workspace/idea/study/java-code)
17:33:29.554 [main] INFO  p.y.JavaCodeApplication - [logStartupProfileInfo,655] - The following profiles are active: druid
17:33:31.012 [main] INFO  o.a.c.h.Http11NioProtocol - [log,173] - Initializing ProtocolHandler ["http-nio-8080"]
17:33:31.012 [main] INFO  o.a.c.c.StandardService - [log,173] - Starting service [Tomcat]
17:33:31.013 [main] INFO  o.a.c.c.StandardEngine - [log,173] - Starting Servlet engine: [Apache Tomcat/9.0.35]
17:33:31.083 [main] INFO  o.a.c.c.C.[.[.[/code] - [log,173] - Initializing Spring embedded WebApplicationContext
17:33:31.170 [main] INFO  c.a.d.s.b.a.DruidDataSourceAutoConfigure - [dataSource,56] - Init DruidDataSource
17:33:31.521 [main] INFO  c.a.d.p.DruidDataSource - [init,1003] - {dataSource-1} inited
17:33:31.811 [main] INFO  s.d.s.w.PropertySourcedRequestMappingHandlerMapping - [initHandlerMethods,69] - Mapped URL path [/v2/api-docs] onto method [springfox.documentation.swagger2.web.Swagger2Controller#getDocumentation(String, HttpServletRequest)]
17:33:32.684 [main] INFO  o.a.c.h.Http11NioProtocol - [log,173] - Starting ProtocolHandler ["http-nio-8080"]
17:33:32.714 [main] INFO  s.d.s.w.p.DocumentationPluginsBootstrapper - [start,160] - Context refreshed
17:33:32.731 [main] INFO  s.d.s.w.p.DocumentationPluginsBootstrapper - [start,163] - Found 1 custom documentation plugin(s)
17:33:32.761 [main] INFO  s.d.s.w.s.ApiListingReferenceScanner - [scan,41] - Scanning for api listing references
17:33:32.958 [main] INFO  p.y.JavaCodeApplication - [logStarted,61] - Started JavaCodeApplication in 3.862 seconds (JVM running for 4.75)
17:33:38.758 [http-nio-8080-exec-1] INFO  o.a.c.c.C.[.[.[/code] - [log,173] - Initializing Spring DispatcherServlet 'dispatcherServlet'
17:49:47.121 [SpringContextShutdownHook] INFO  c.a.d.p.DruidDataSource - [close,1948] - {dataSource-1} closing ...
17:49:47.127 [SpringContextShutdownHook] INFO  c.a.d.p.DruidDataSource - [close,2020] - {dataSource-1} closed
17:49:52.033 [main] INFO  p.y.JavaCodeApplication - [logStarting,55] - Starting JavaCodeApplication on YCY.local with PID 15496 (/Users/yangchenyu/workspace/idea/study/java-code/target/classes started by yangchenyu in /Users/yangchenyu/workspace/idea/study/java-code)
17:49:52.040 [main] INFO  p.y.JavaCodeApplication - [logStartupProfileInfo,655] - The following profiles are active: druid
17:49:53.812 [main] INFO  o.a.c.h.Http11NioProtocol - [log,173] - Initializing ProtocolHandler ["http-nio-8080"]
17:49:53.813 [main] INFO  o.a.c.c.StandardService - [log,173] - Starting service [Tomcat]
17:49:53.814 [main] INFO  o.a.c.c.StandardEngine - [log,173] - Starting Servlet engine: [Apache Tomcat/9.0.35]
17:49:53.932 [main] INFO  o.a.c.c.C.[.[.[/code] - [log,173] - Initializing Spring embedded WebApplicationContext
17:49:54.065 [main] INFO  c.a.d.s.b.a.DruidDataSourceAutoConfigure - [dataSource,56] - Init DruidDataSource
17:49:54.503 [main] INFO  c.a.d.p.DruidDataSource - [init,1003] - {dataSource-1} inited
17:49:54.813 [main] INFO  s.d.s.w.PropertySourcedRequestMappingHandlerMapping - [initHandlerMethods,69] - Mapped URL path [/v2/api-docs] onto method [springfox.documentation.swagger2.web.Swagger2Controller#getDocumentation(String, HttpServletRequest)]
17:49:55.629 [main] INFO  o.a.c.h.Http11NioProtocol - [log,173] - Starting ProtocolHandler ["http-nio-8080"]
17:49:55.659 [main] INFO  s.d.s.w.p.DocumentationPluginsBootstrapper - [start,160] - Context refreshed
17:49:55.674 [main] INFO  s.d.s.w.p.DocumentationPluginsBootstrapper - [start,163] - Found 1 custom documentation plugin(s)
17:49:55.715 [main] INFO  s.d.s.w.s.ApiListingReferenceScanner - [scan,41] - Scanning for api listing references
17:49:55.881 [main] INFO  p.y.JavaCodeApplication - [logStarted,61] - Started JavaCodeApplication in 4.324 seconds (JVM running for 5.111)
17:49:57.041 [http-nio-8080-exec-1] INFO  o.a.c.c.C.[.[.[/code] - [log,173] - Initializing Spring DispatcherServlet 'dispatcherServlet'
17:55:23.878 [SpringContextShutdownHook] INFO  c.a.d.p.DruidDataSource - [close,1948] - {dataSource-1} closing ...
17:55:23.883 [SpringContextShutdownHook] INFO  c.a.d.p.DruidDataSource - [close,2020] - {dataSource-1} closed
17:55:28.565 [main] INFO  p.y.JavaCodeApplication - [logStarting,55] - Starting JavaCodeApplication on YCY.local with PID 15565 (/Users/yangchenyu/workspace/idea/study/java-code/target/classes started by yangchenyu in /Users/yangchenyu/workspace/idea/study/java-code)
17:55:28.567 [main] INFO  p.y.JavaCodeApplication - [logStartupProfileInfo,655] - The following profiles are active: druid
17:55:30.063 [main] INFO  o.a.c.h.Http11NioProtocol - [log,173] - Initializing ProtocolHandler ["http-nio-8080"]
17:55:30.063 [main] INFO  o.a.c.c.StandardService - [log,173] - Starting service [Tomcat]
17:55:30.064 [main] INFO  o.a.c.c.StandardEngine - [log,173] - Starting Servlet engine: [Apache Tomcat/9.0.35]
17:55:30.126 [main] INFO  o.a.c.c.C.[.[.[/code] - [log,173] - Initializing Spring embedded WebApplicationContext
17:55:30.215 [main] INFO  c.a.d.s.b.a.DruidDataSourceAutoConfigure - [dataSource,56] - Init DruidDataSource
17:55:30.571 [main] INFO  c.a.d.p.DruidDataSource - [init,1003] - {dataSource-1} inited
17:55:30.850 [main] INFO  s.d.s.w.PropertySourcedRequestMappingHandlerMapping - [initHandlerMethods,69] - Mapped URL path [/v2/api-docs] onto method [springfox.documentation.swagger2.web.Swagger2Controller#getDocumentation(String, HttpServletRequest)]
17:55:31.642 [main] INFO  o.a.c.h.Http11NioProtocol - [log,173] - Starting ProtocolHandler ["http-nio-8080"]
17:55:31.670 [main] INFO  s.d.s.w.p.DocumentationPluginsBootstrapper - [start,160] - Context refreshed
17:55:31.686 [main] INFO  s.d.s.w.p.DocumentationPluginsBootstrapper - [start,163] - Found 1 custom documentation plugin(s)
17:55:31.713 [main] INFO  s.d.s.w.s.ApiListingReferenceScanner - [scan,41] - Scanning for api listing references
17:55:31.877 [main] INFO  p.y.JavaCodeApplication - [logStarted,61] - Started JavaCodeApplication in 3.625 seconds (JVM running for 4.366)
17:55:39.557 [http-nio-8080-exec-1] INFO  o.a.c.c.C.[.[.[/code] - [log,173] - Initializing Spring DispatcherServlet 'dispatcherServlet'
