13:56:30.986 [main] INFO  p.y.JavaCodeApplication - [logStarting,55] - Starting JavaCodeApplication on YCY.local with PID 3601 (/Users/yangchenyu/workspace/idea/study/java-code/target/classes started by yangchenyu in /Users/yangchenyu/workspace/idea/study/java-code)
13:56:30.993 [main] INFO  p.y.JavaCodeApplication - [logStartupProfileInfo,655] - The following profiles are active: druid
13:56:32.568 [main] INFO  o.a.c.h.Http11NioProtocol - [log,173] - Initializing ProtocolHandler ["http-nio-8080"]
13:56:32.569 [main] INFO  o.a.c.c.StandardService - [log,173] - Starting service [Tomcat]
13:56:32.570 [main] INFO  o.a.c.c.StandardEngine - [log,173] - Starting Servlet engine: [Apache Tomcat/9.0.35]
13:56:32.670 [main] INFO  o.a.c.c.C.[.[.[/code] - [log,173] - Initializing Spring embedded WebApplicationContext
13:56:32.776 [main] INFO  o.a.c.c.StandardService - [log,173] - Stopping service [Tomcat]
14:00:05.754 [main] INFO  p.y.JavaCodeApplication - [logStarting,55] - Starting JavaCodeApplication on YCY.local with PID 3638 (/Users/yangchenyu/workspace/idea/study/java-code/target/classes started by yangchenyu in /Users/yangchenyu/workspace/idea/study/java-code)
14:00:05.757 [main] INFO  p.y.JavaCodeApplication - [logStartupProfileInfo,655] - The following profiles are active: druid
14:00:06.815 [main] INFO  o.a.c.h.Http11NioProtocol - [log,173] - Initializing ProtocolHandler ["http-nio-8080"]
14:00:06.816 [main] INFO  o.a.c.c.StandardService - [log,173] - Starting service [Tomcat]
14:00:06.816 [main] INFO  o.a.c.c.StandardEngine - [log,173] - Starting Servlet engine: [Apache Tomcat/9.0.35]
14:00:06.895 [main] INFO  o.a.c.c.C.[.[.[/code] - [log,173] - Initializing Spring embedded WebApplicationContext
14:00:06.974 [main] INFO  o.a.c.c.StandardService - [log,173] - Stopping service [Tomcat]
14:03:24.195 [main] INFO  p.y.JavaCodeApplication - [logStarting,55] - Starting JavaCodeApplication on YCY.local with PID 3758 (/Users/yangchenyu/workspace/idea/study/java-code/target/classes started by yangchenyu in /Users/yangchenyu/workspace/idea/study/java-code)
14:03:24.206 [main] INFO  p.y.JavaCodeApplication - [logStartupProfileInfo,655] - The following profiles are active: druid
14:03:26.182 [main] INFO  o.a.c.h.Http11NioProtocol - [log,173] - Initializing ProtocolHandler ["http-nio-8080"]
14:03:26.183 [main] INFO  o.a.c.c.StandardService - [log,173] - Starting service [Tomcat]
14:03:26.183 [main] INFO  o.a.c.c.StandardEngine - [log,173] - Starting Servlet engine: [Apache Tomcat/9.0.35]
14:03:26.264 [main] INFO  o.a.c.c.C.[.[.[/code] - [log,173] - Initializing Spring embedded WebApplicationContext
14:03:26.365 [main] INFO  p.y.t.c.CompareDataSource - [getDataSource1,38] - 开始加载数据源1null
14:03:26.748 [main] INFO  s.d.s.w.PropertySourcedRequestMappingHandlerMapping - [initHandlerMethods,69] - Mapped URL path [/v2/api-docs] onto method [springfox.documentation.swagger2.web.Swagger2Controller#getDocumentation(String, HttpServletRequest)]
14:03:27.901 [main] INFO  o.a.c.h.Http11NioProtocol - [log,173] - Starting ProtocolHandler ["http-nio-8080"]
14:03:27.931 [main] INFO  s.d.s.w.p.DocumentationPluginsBootstrapper - [start,160] - Context refreshed
14:03:27.951 [main] INFO  s.d.s.w.p.DocumentationPluginsBootstrapper - [start,163] - Found 1 custom documentation plugin(s)
14:03:27.982 [main] INFO  s.d.s.w.s.ApiListingReferenceScanner - [scan,41] - Scanning for api listing references
14:03:28.181 [main] INFO  p.y.JavaCodeApplication - [logStarted,61] - Started JavaCodeApplication in 4.556 seconds (JVM running for 5.41)
14:05:08.998 [http-nio-8080-exec-1] INFO  o.a.c.c.C.[.[.[/code] - [log,173] - Initializing Spring DispatcherServlet 'dispatcherServlet'
14:15:30.919 [SpringContextShutdownHook] INFO  c.a.d.p.DruidDataSource - [close,1948] - {dataSource-0} closing ...
14:15:36.002 [main] INFO  p.y.JavaCodeApplication - [logStarting,55] - Starting JavaCodeApplication on YCY.local with PID 3939 (/Users/yangchenyu/workspace/idea/study/java-code/target/classes started by yangchenyu in /Users/yangchenyu/workspace/idea/study/java-code)
14:15:36.006 [main] INFO  p.y.JavaCodeApplication - [logStartupProfileInfo,655] - The following profiles are active: druid
14:15:37.385 [main] INFO  o.a.c.h.Http11NioProtocol - [log,173] - Initializing ProtocolHandler ["http-nio-8080"]
14:15:37.386 [main] INFO  o.a.c.c.StandardService - [log,173] - Starting service [Tomcat]
14:15:37.386 [main] INFO  o.a.c.c.StandardEngine - [log,173] - Starting Servlet engine: [Apache Tomcat/9.0.35]
14:15:37.448 [main] INFO  o.a.c.c.C.[.[.[/code] - [log,173] - Initializing Spring embedded WebApplicationContext
14:15:37.537 [main] INFO  p.y.t.c.CompareDataSource - [getDataSource1,38] - 开始加载数据源1null
14:15:37.857 [main] INFO  s.d.s.w.PropertySourcedRequestMappingHandlerMapping - [initHandlerMethods,69] - Mapped URL path [/v2/api-docs] onto method [springfox.documentation.swagger2.web.Swagger2Controller#getDocumentation(String, HttpServletRequest)]
14:15:38.660 [main] INFO  o.a.c.h.Http11NioProtocol - [log,173] - Starting ProtocolHandler ["http-nio-8080"]
14:15:38.691 [main] INFO  s.d.s.w.p.DocumentationPluginsBootstrapper - [start,160] - Context refreshed
14:15:38.705 [main] INFO  s.d.s.w.p.DocumentationPluginsBootstrapper - [start,163] - Found 1 custom documentation plugin(s)
14:15:38.738 [main] INFO  s.d.s.w.s.ApiListingReferenceScanner - [scan,41] - Scanning for api listing references
14:15:38.923 [main] INFO  p.y.JavaCodeApplication - [logStarted,61] - Started JavaCodeApplication in 3.321 seconds (JVM running for 4.058)
14:16:39.673 [http-nio-8080-exec-1] INFO  o.a.c.c.C.[.[.[/code] - [log,173] - Initializing Spring DispatcherServlet 'dispatcherServlet'
15:02:02.027 [SpringContextShutdownHook] INFO  c.a.d.p.DruidDataSource - [close,1948] - {dataSource-0} closing ...
15:05:57.230 [main] INFO  p.y.j.m.c.u.MedaDataUtilsTest - [logStarting,55] - Starting MedaDataUtilsTest on YCY.local with PID 4630 (started by yangchenyu in /Users/yangchenyu/workspace/idea/study/java-code)
15:05:57.235 [main] INFO  p.y.j.m.c.u.MedaDataUtilsTest - [logStartupProfileInfo,655] - The following profiles are active: druid
15:06:59.368 [main] INFO  p.y.j.m.c.u.MedaDataUtilsTest - [logStarting,55] - Starting MedaDataUtilsTest on YCY.local with PID 4652 (started by yangchenyu in /Users/yangchenyu/workspace/idea/study/java-code)
15:06:59.373 [main] INFO  p.y.j.m.c.u.MedaDataUtilsTest - [logStartupProfileInfo,655] - The following profiles are active: druid
15:08:57.276 [main] INFO  p.y.j.m.c.u.MedaDataUtilsTest - [logStarting,55] - Starting MedaDataUtilsTest on YCY.local with PID 4678 (started by yangchenyu in /Users/yangchenyu/workspace/idea/study/java-code)
15:08:57.280 [main] INFO  p.y.j.m.c.u.MedaDataUtilsTest - [logStartupProfileInfo,655] - The following profiles are active: druid
15:08:59.347 [main] INFO  p.y.t.c.CompareDataSource - [getDataSource1,38] - 开始加载数据源1null
15:08:59.476 [main] INFO  p.y.t.c.CompareDataSource - [getDataSource2,49] - 开始加载数据源2null
15:09:00.234 [main] INFO  s.d.s.w.PropertySourcedRequestMappingHandlerMapping - [initHandlerMethods,69] - Mapped URL path [/v2/api-docs] onto method [springfox.documentation.swagger2.web.Swagger2Controller#getDocumentation(String, HttpServletRequest)]
15:09:01.918 [main] INFO  c.a.d.p.DruidDataSource - [close,1948] - {dataSource-0} closing ...
15:09:01.919 [main] INFO  c.a.d.p.DruidDataSource - [close,1948] - {dataSource-0} closing ...
15:20:26.160 [main] INFO  p.y.j.m.c.u.MedaDataUtilsTest - [logStarting,55] - Starting MedaDataUtilsTest on YCY.local with PID 4849 (started by yangchenyu in /Users/yangchenyu/workspace/idea/study/java-code)
15:20:26.165 [main] INFO  p.y.j.m.c.u.MedaDataUtilsTest - [logStartupProfileInfo,655] - The following profiles are active: druid
15:20:28.346 [main] INFO  c.a.d.s.b.a.DruidDataSourceAutoConfigure - [dataSource,56] - Init DruidDataSource
15:20:29.148 [main] INFO  c.a.d.p.DruidDataSource - [init,1003] - {dataSource-1} inited
15:20:29.940 [main] INFO  s.d.s.w.PropertySourcedRequestMappingHandlerMapping - [initHandlerMethods,69] - Mapped URL path [/v2/api-docs] onto method [springfox.documentation.swagger2.web.Swagger2Controller#getDocumentation(String, HttpServletRequest)]
15:20:31.807 [main] INFO  s.d.s.w.p.DocumentationPluginsBootstrapper - [start,160] - Context refreshed
15:20:31.837 [main] INFO  s.d.s.w.p.DocumentationPluginsBootstrapper - [start,163] - Found 1 custom documentation plugin(s)
15:20:31.877 [main] INFO  s.d.s.w.s.ApiListingReferenceScanner - [scan,41] - Scanning for api listing references
15:20:32.159 [main] INFO  p.y.j.m.c.u.MedaDataUtilsTest - [logStarted,61] - Started MedaDataUtilsTest in 6.469 seconds (JVM running for 8.298)
15:28:41.053 [SpringContextShutdownHook] INFO  c.a.d.p.DruidDataSource - [close,1948] - {dataSource-1} closing ...
15:28:41.065 [SpringContextShutdownHook] INFO  c.a.d.p.DruidDataSource - [close,2020] - {dataSource-1} closed
15:28:56.845 [main] INFO  p.y.j.m.c.u.MedaDataUtilsTest - [logStarting,55] - Starting MedaDataUtilsTest on YCY.local with PID 5263 (started by yangchenyu in /Users/yangchenyu/workspace/idea/study/java-code)
15:28:56.850 [main] INFO  p.y.j.m.c.u.MedaDataUtilsTest - [logStartupProfileInfo,655] - The following profiles are active: druid
15:28:59.479 [main] INFO  c.a.d.s.b.a.DruidDataSourceAutoConfigure - [dataSource,56] - Init DruidDataSource
15:29:00.080 [main] INFO  c.a.d.p.DruidDataSource - [init,1003] - {dataSource-1} inited
15:29:00.867 [main] INFO  s.d.s.w.PropertySourcedRequestMappingHandlerMapping - [initHandlerMethods,69] - Mapped URL path [/v2/api-docs] onto method [springfox.documentation.swagger2.web.Swagger2Controller#getDocumentation(String, HttpServletRequest)]
15:29:03.380 [main] INFO  s.d.s.w.p.DocumentationPluginsBootstrapper - [start,160] - Context refreshed
15:29:03.438 [main] INFO  s.d.s.w.p.DocumentationPluginsBootstrapper - [start,163] - Found 1 custom documentation plugin(s)
15:29:03.505 [main] INFO  s.d.s.w.s.ApiListingReferenceScanner - [scan,41] - Scanning for api listing references
15:29:03.883 [main] INFO  p.y.j.m.c.u.MedaDataUtilsTest - [logStarted,61] - Started MedaDataUtilsTest in 7.504 seconds (JVM running for 9.466)
15:29:50.568 [SpringContextShutdownHook] INFO  c.a.d.p.DruidDataSource - [close,1948] - {dataSource-1} closing ...
15:29:50.578 [SpringContextShutdownHook] INFO  c.a.d.p.DruidDataSource - [close,2020] - {dataSource-1} closed
15:30:06.603 [main] INFO  p.y.j.m.c.u.MedaDataUtilsTest - [logStarting,55] - Starting MedaDataUtilsTest on YCY.local with PID 5282 (started by yangchenyu in /Users/yangchenyu/workspace/idea/study/java-code)
15:30:06.607 [main] INFO  p.y.j.m.c.u.MedaDataUtilsTest - [logStartupProfileInfo,655] - The following profiles are active: druid
15:30:08.574 [main] INFO  c.a.d.s.b.a.DruidDataSourceAutoConfigure - [dataSource,56] - Init DruidDataSource
15:30:09.132 [main] INFO  c.a.d.p.DruidDataSource - [init,1003] - {dataSource-1} inited
15:30:09.846 [main] INFO  s.d.s.w.PropertySourcedRequestMappingHandlerMapping - [initHandlerMethods,69] - Mapped URL path [/v2/api-docs] onto method [springfox.documentation.swagger2.web.Swagger2Controller#getDocumentation(String, HttpServletRequest)]
15:30:11.809 [main] INFO  s.d.s.w.p.DocumentationPluginsBootstrapper - [start,160] - Context refreshed
15:30:11.840 [main] INFO  s.d.s.w.p.DocumentationPluginsBootstrapper - [start,163] - Found 1 custom documentation plugin(s)
15:30:11.883 [main] INFO  s.d.s.w.s.ApiListingReferenceScanner - [scan,41] - Scanning for api listing references
15:30:12.161 [main] INFO  p.y.j.m.c.u.MedaDataUtilsTest - [logStarted,61] - Started MedaDataUtilsTest in 6.054 seconds (JVM running for 7.689)
15:30:12.589 [SpringContextShutdownHook] INFO  c.a.d.p.DruidDataSource - [close,1948] - {dataSource-1} closing ...
15:30:12.604 [SpringContextShutdownHook] INFO  c.a.d.p.DruidDataSource - [close,2020] - {dataSource-1} closed
16:19:30.303 [main] INFO  p.y.t.c.JDBCConnectionTest - [logStarting,55] - Starting JDBCConnectionTest on YCY.local with PID 5973 (started by yangchenyu in /Users/yangchenyu/workspace/idea/study/java-code)
16:19:30.312 [main] INFO  p.y.t.c.JDBCConnectionTest - [logStartupProfileInfo,655] - The following profiles are active: -druid -tablecompare
16:19:32.986 [main] INFO  c.a.d.s.b.a.DruidDataSourceAutoConfigure - [dataSource,56] - Init DruidDataSource
16:21:25.543 [main] INFO  p.y.JavaCodeApplication - [logStarting,55] - Starting JavaCodeApplication on YCY.local with PID 6001 (/Users/yangchenyu/workspace/idea/study/java-code/target/classes started by yangchenyu in /Users/yangchenyu/workspace/idea/study/java-code)
16:21:25.553 [main] INFO  p.y.JavaCodeApplication - [logStartupProfileInfo,655] - The following profiles are active: -druid -tablecompare
16:21:27.119 [main] INFO  o.a.c.h.Http11NioProtocol - [log,173] - Initializing ProtocolHandler ["http-nio-8080"]
16:21:27.120 [main] INFO  o.a.c.c.StandardService - [log,173] - Starting service [Tomcat]
16:21:27.120 [main] INFO  o.a.c.c.StandardEngine - [log,173] - Starting Servlet engine: [Apache Tomcat/9.0.35]
16:21:27.207 [main] INFO  o.a.c.c.C.[.[.[/code] - [log,173] - Initializing Spring embedded WebApplicationContext
16:21:27.290 [main] INFO  c.a.d.s.b.a.DruidDataSourceAutoConfigure - [dataSource,56] - Init DruidDataSource
16:21:27.348 [main] INFO  o.a.c.c.StandardService - [log,173] - Stopping service [Tomcat]
16:23:46.535 [main] INFO  p.y.JavaCodeApplication - [logStarting,55] - Starting JavaCodeApplication on YCY.local with PID 6037 (/Users/yangchenyu/workspace/idea/study/java-code/target/classes started by yangchenyu in /Users/yangchenyu/workspace/idea/study/java-code)
16:23:46.538 [main] INFO  p.y.JavaCodeApplication - [logStartupProfileInfo,655] - The following profiles are active: -druid -tablecompare
16:23:47.958 [main] INFO  o.a.c.h.Http11NioProtocol - [log,173] - Initializing ProtocolHandler ["http-nio-8080"]
16:23:47.959 [main] INFO  o.a.c.c.StandardService - [log,173] - Starting service [Tomcat]
16:23:47.960 [main] INFO  o.a.c.c.StandardEngine - [log,173] - Starting Servlet engine: [Apache Tomcat/9.0.35]
16:23:48.019 [main] INFO  o.a.c.c.C.[.[.[/code] - [log,173] - Initializing Spring embedded WebApplicationContext
16:23:48.085 [main] INFO  c.a.d.s.b.a.DruidDataSourceAutoConfigure - [dataSource,56] - Init DruidDataSource
16:23:48.143 [main] INFO  o.a.c.c.StandardService - [log,173] - Stopping service [Tomcat]
16:25:35.609 [main] INFO  p.y.JavaCodeApplication - [logStarting,55] - Starting JavaCodeApplication on YCY.local with PID 6080 (/Users/yangchenyu/workspace/idea/study/java-code/target/classes started by yangchenyu in /Users/yangchenyu/workspace/idea/study/java-code)
16:25:35.611 [main] INFO  p.y.JavaCodeApplication - [logStartupProfileInfo,655] - The following profiles are active: druid
16:25:36.899 [main] INFO  o.a.c.h.Http11NioProtocol - [log,173] - Initializing ProtocolHandler ["http-nio-8080"]
16:25:36.900 [main] INFO  o.a.c.c.StandardService - [log,173] - Starting service [Tomcat]
16:25:36.900 [main] INFO  o.a.c.c.StandardEngine - [log,173] - Starting Servlet engine: [Apache Tomcat/9.0.35]
16:25:36.963 [main] INFO  o.a.c.c.C.[.[.[/code] - [log,173] - Initializing Spring embedded WebApplicationContext
16:25:37.050 [main] INFO  c.a.d.s.b.a.DruidDataSourceAutoConfigure - [dataSource,56] - Init DruidDataSource
16:25:37.376 [main] INFO  c.a.d.p.DruidDataSource - [init,1003] - {dataSource-1} inited
16:25:37.632 [main] INFO  s.d.s.w.PropertySourcedRequestMappingHandlerMapping - [initHandlerMethods,69] - Mapped URL path [/v2/api-docs] onto method [springfox.documentation.swagger2.web.Swagger2Controller#getDocumentation(String, HttpServletRequest)]
16:25:38.534 [main] INFO  o.a.c.h.Http11NioProtocol - [log,173] - Starting ProtocolHandler ["http-nio-8080"]
16:25:38.563 [main] INFO  s.d.s.w.p.DocumentationPluginsBootstrapper - [start,160] - Context refreshed
16:25:38.576 [main] INFO  s.d.s.w.p.DocumentationPluginsBootstrapper - [start,163] - Found 1 custom documentation plugin(s)
16:25:38.605 [main] INFO  s.d.s.w.s.ApiListingReferenceScanner - [scan,41] - Scanning for api listing references
16:25:38.777 [main] INFO  p.y.JavaCodeApplication - [logStarted,61] - Started JavaCodeApplication in 3.495 seconds (JVM running for 4.094)
16:26:59.644 [SpringContextShutdownHook] INFO  c.a.d.p.DruidDataSource - [close,1948] - {dataSource-1} closing ...
16:26:59.650 [SpringContextShutdownHook] INFO  c.a.d.p.DruidDataSource - [close,2020] - {dataSource-1} closed
16:27:02.270 [main] INFO  p.y.JavaCodeApplication - [logStarting,55] - Starting JavaCodeApplication on YCY.local with PID 6119 (/Users/yangchenyu/workspace/idea/study/java-code/target/classes started by yangchenyu in /Users/yangchenyu/workspace/idea/study/java-code)
16:27:02.275 [main] INFO  p.y.JavaCodeApplication - [logStartupProfileInfo,655] - The following profiles are active: druid,tablecompare
16:27:03.688 [main] INFO  o.a.c.h.Http11NioProtocol - [log,173] - Initializing ProtocolHandler ["http-nio-8080"]
16:27:03.689 [main] INFO  o.a.c.c.StandardService - [log,173] - Starting service [Tomcat]
16:27:03.689 [main] INFO  o.a.c.c.StandardEngine - [log,173] - Starting Servlet engine: [Apache Tomcat/9.0.35]
16:27:03.754 [main] INFO  o.a.c.c.C.[.[.[/code] - [log,173] - Initializing Spring embedded WebApplicationContext
16:27:03.857 [main] INFO  c.a.d.s.b.a.DruidDataSourceAutoConfigure - [dataSource,56] - Init DruidDataSource
16:27:04.234 [main] INFO  c.a.d.p.DruidDataSource - [init,1003] - {dataSource-1} inited
16:27:04.475 [main] INFO  s.d.s.w.PropertySourcedRequestMappingHandlerMapping - [initHandlerMethods,69] - Mapped URL path [/v2/api-docs] onto method [springfox.documentation.swagger2.web.Swagger2Controller#getDocumentation(String, HttpServletRequest)]
16:27:05.164 [main] INFO  o.a.c.h.Http11NioProtocol - [log,173] - Starting ProtocolHandler ["http-nio-8080"]
16:27:05.189 [main] INFO  s.d.s.w.p.DocumentationPluginsBootstrapper - [start,160] - Context refreshed
16:27:05.203 [main] INFO  s.d.s.w.p.DocumentationPluginsBootstrapper - [start,163] - Found 1 custom documentation plugin(s)
16:27:05.227 [main] INFO  s.d.s.w.s.ApiListingReferenceScanner - [scan,41] - Scanning for api listing references
16:27:05.392 [main] INFO  p.y.JavaCodeApplication - [logStarted,61] - Started JavaCodeApplication in 3.463 seconds (JVM running for 4.294)
16:27:12.682 [main] INFO  p.y.t.c.JDBCConnectionTest - [logStarting,55] - Starting JDBCConnectionTest on YCY.local with PID 6121 (started by yangchenyu in /Users/yangchenyu/workspace/idea/study/java-code)
16:27:12.685 [main] INFO  p.y.t.c.JDBCConnectionTest - [logStartupProfileInfo,655] - The following profiles are active: druid,tablecompare
16:27:14.268 [main] INFO  c.a.d.s.b.a.DruidDataSourceAutoConfigure - [dataSource,56] - Init DruidDataSource
16:27:14.834 [main] INFO  c.a.d.p.DruidDataSource - [init,1003] - {dataSource-1} inited
16:27:15.489 [main] INFO  s.d.s.w.PropertySourcedRequestMappingHandlerMapping - [initHandlerMethods,69] - Mapped URL path [/v2/api-docs] onto method [springfox.documentation.swagger2.web.Swagger2Controller#getDocumentation(String, HttpServletRequest)]
16:27:17.205 [main] INFO  s.d.s.w.p.DocumentationPluginsBootstrapper - [start,160] - Context refreshed
16:27:17.238 [main] INFO  s.d.s.w.p.DocumentationPluginsBootstrapper - [start,163] - Found 1 custom documentation plugin(s)
16:27:17.278 [main] INFO  s.d.s.w.s.ApiListingReferenceScanner - [scan,41] - Scanning for api listing references
16:27:17.591 [main] INFO  p.y.t.c.JDBCConnectionTest - [logStarted,61] - Started JDBCConnectionTest in 5.26 seconds (JVM running for 6.768)
16:27:17.986 [SpringContextShutdownHook] INFO  c.a.d.p.DruidDataSource - [close,1948] - {dataSource-1} closing ...
16:27:17.994 [SpringContextShutdownHook] INFO  c.a.d.p.DruidDataSource - [close,2020] - {dataSource-1} closed
16:28:20.365 [main] INFO  p.y.t.c.JDBCConnectionTest - [logStarting,55] - Starting JDBCConnectionTest on YCY.local with PID 6139 (started by yangchenyu in /Users/yangchenyu/workspace/idea/study/java-code)
16:28:20.369 [main] INFO  p.y.t.c.JDBCConnectionTest - [logStartupProfileInfo,655] - The following profiles are active: druid,tablecompare
16:28:21.819 [main] INFO  c.a.d.s.b.a.DruidDataSourceAutoConfigure - [dataSource,56] - Init DruidDataSource
16:28:22.336 [main] INFO  c.a.d.p.DruidDataSource - [init,1003] - {dataSource-1} inited
16:28:22.969 [main] INFO  s.d.s.w.PropertySourcedRequestMappingHandlerMapping - [initHandlerMethods,69] - Mapped URL path [/v2/api-docs] onto method [springfox.documentation.swagger2.web.Swagger2Controller#getDocumentation(String, HttpServletRequest)]
16:28:24.741 [main] INFO  s.d.s.w.p.DocumentationPluginsBootstrapper - [start,160] - Context refreshed
16:28:24.763 [main] INFO  s.d.s.w.p.DocumentationPluginsBootstrapper - [start,163] - Found 1 custom documentation plugin(s)
16:28:24.793 [main] INFO  s.d.s.w.s.ApiListingReferenceScanner - [scan,41] - Scanning for api listing references
16:28:25.015 [main] INFO  p.y.t.c.JDBCConnectionTest - [logStarted,61] - Started JDBCConnectionTest in 5.058 seconds (JVM running for 6.752)
16:28:25.361 [SpringContextShutdownHook] INFO  c.a.d.p.DruidDataSource - [close,1948] - {dataSource-1} closing ...
16:28:25.371 [SpringContextShutdownHook] INFO  c.a.d.p.DruidDataSource - [close,2020] - {dataSource-1} closed
16:28:38.344 [main] INFO  p.y.t.c.JDBCConnectionTest - [logStarting,55] - Starting JDBCConnectionTest on YCY.local with PID 6142 (started by yangchenyu in /Users/yangchenyu/workspace/idea/study/java-code)
16:28:38.347 [main] INFO  p.y.t.c.JDBCConnectionTest - [logStartupProfileInfo,655] - The following profiles are active: druid,tablecompare
16:28:40.125 [main] INFO  c.a.d.s.b.a.DruidDataSourceAutoConfigure - [dataSource,56] - Init DruidDataSource
16:28:40.654 [main] INFO  c.a.d.p.DruidDataSource - [init,1003] - {dataSource-1} inited
16:28:41.373 [main] INFO  s.d.s.w.PropertySourcedRequestMappingHandlerMapping - [initHandlerMethods,69] - Mapped URL path [/v2/api-docs] onto method [springfox.documentation.swagger2.web.Swagger2Controller#getDocumentation(String, HttpServletRequest)]
16:28:43.274 [main] INFO  s.d.s.w.p.DocumentationPluginsBootstrapper - [start,160] - Context refreshed
16:28:43.308 [main] INFO  s.d.s.w.p.DocumentationPluginsBootstrapper - [start,163] - Found 1 custom documentation plugin(s)
16:28:43.349 [main] INFO  s.d.s.w.s.ApiListingReferenceScanner - [scan,41] - Scanning for api listing references
16:28:43.629 [main] INFO  p.y.t.c.JDBCConnectionTest - [logStarted,61] - Started JDBCConnectionTest in 5.682 seconds (JVM running for 7.334)
16:28:57.915 [SpringContextShutdownHook] INFO  c.a.d.p.DruidDataSource - [close,1948] - {dataSource-1} closing ...
16:28:57.922 [SpringContextShutdownHook] INFO  c.a.d.p.DruidDataSource - [close,2020] - {dataSource-1} closed
16:29:30.089 [SpringContextShutdownHook] INFO  c.a.d.p.DruidDataSource - [close,1948] - {dataSource-1} closing ...
16:29:30.094 [SpringContextShutdownHook] INFO  c.a.d.p.DruidDataSource - [close,2020] - {dataSource-1} closed
17:02:22.187 [main] INFO  p.y.t.c.JDBCConnectionTest - [logStarting,55] - Starting JDBCConnectionTest on YCY.local with PID 6557 (started by yangchenyu in /Users/yangchenyu/workspace/idea/study/java-code)
17:02:22.192 [main] INFO  p.y.t.c.JDBCConnectionTest - [logStartupProfileInfo,655] - The following profiles are active: druid,tablecompare
17:02:24.268 [main] INFO  c.a.d.s.b.a.DruidDataSourceAutoConfigure - [dataSource,56] - Init DruidDataSource
17:02:25.033 [main] INFO  c.a.d.p.DruidDataSource - [init,1003] - {dataSource-1} inited
17:02:26.023 [main] INFO  s.d.s.w.PropertySourcedRequestMappingHandlerMapping - [initHandlerMethods,69] - Mapped URL path [/v2/api-docs] onto method [springfox.documentation.swagger2.web.Swagger2Controller#getDocumentation(String, HttpServletRequest)]
17:02:28.132 [main] INFO  s.d.s.w.p.DocumentationPluginsBootstrapper - [start,160] - Context refreshed
17:02:28.166 [main] INFO  s.d.s.w.p.DocumentationPluginsBootstrapper - [start,163] - Found 1 custom documentation plugin(s)
17:02:28.208 [main] INFO  s.d.s.w.s.ApiListingReferenceScanner - [scan,41] - Scanning for api listing references
17:02:28.488 [main] INFO  p.y.t.c.JDBCConnectionTest - [logStarted,61] - Started JDBCConnectionTest in 6.779 seconds (JVM running for 8.578)
17:03:08.836 [SpringContextShutdownHook] INFO  c.a.d.p.DruidDataSource - [close,1948] - {dataSource-1} closing ...
17:03:08.849 [SpringContextShutdownHook] INFO  c.a.d.p.DruidDataSource - [close,2020] - {dataSource-1} closed
17:03:13.591 [main] INFO  p.y.t.c.JDBCConnectionTest - [logStarting,55] - Starting JDBCConnectionTest on YCY.local with PID 6571 (started by yangchenyu in /Users/yangchenyu/workspace/idea/study/java-code)
17:03:13.596 [main] INFO  p.y.t.c.JDBCConnectionTest - [logStartupProfileInfo,655] - The following profiles are active: druid,tablecompare
17:03:15.774 [main] INFO  c.a.d.s.b.a.DruidDataSourceAutoConfigure - [dataSource,56] - Init DruidDataSource
17:03:16.330 [main] INFO  c.a.d.p.DruidDataSource - [init,1003] - {dataSource-1} inited
17:03:17.160 [main] INFO  s.d.s.w.PropertySourcedRequestMappingHandlerMapping - [initHandlerMethods,69] - Mapped URL path [/v2/api-docs] onto method [springfox.documentation.swagger2.web.Swagger2Controller#getDocumentation(String, HttpServletRequest)]
17:03:19.257 [main] INFO  s.d.s.w.p.DocumentationPluginsBootstrapper - [start,160] - Context refreshed
17:03:19.294 [main] INFO  s.d.s.w.p.DocumentationPluginsBootstrapper - [start,163] - Found 1 custom documentation plugin(s)
17:03:19.341 [main] INFO  s.d.s.w.s.ApiListingReferenceScanner - [scan,41] - Scanning for api listing references
17:03:19.670 [main] INFO  p.y.t.c.JDBCConnectionTest - [logStarted,61] - Started JDBCConnectionTest in 6.531 seconds (JVM running for 8.203)
17:04:28.384 [SpringContextShutdownHook] INFO  c.a.d.p.DruidDataSource - [close,1948] - {dataSource-1} closing ...
17:04:28.399 [SpringContextShutdownHook] INFO  c.a.d.p.DruidDataSource - [close,2020] - {dataSource-1} closed
17:04:36.683 [main] INFO  p.y.t.c.JDBCConnectionTest - [logStarting,55] - Starting JDBCConnectionTest on YCY.local with PID 6602 (started by yangchenyu in /Users/yangchenyu/workspace/idea/study/java-code)
17:04:36.687 [main] INFO  p.y.t.c.JDBCConnectionTest - [logStartupProfileInfo,655] - The following profiles are active: druid,tablecompare
17:04:38.590 [main] INFO  c.a.d.s.b.a.DruidDataSourceAutoConfigure - [dataSource,56] - Init DruidDataSource
17:04:39.188 [main] INFO  c.a.d.p.DruidDataSource - [init,1003] - {dataSource-1} inited
17:04:39.964 [main] INFO  s.d.s.w.PropertySourcedRequestMappingHandlerMapping - [initHandlerMethods,69] - Mapped URL path [/v2/api-docs] onto method [springfox.documentation.swagger2.web.Swagger2Controller#getDocumentation(String, HttpServletRequest)]
17:04:41.918 [main] INFO  s.d.s.w.p.DocumentationPluginsBootstrapper - [start,160] - Context refreshed
17:04:41.955 [main] INFO  s.d.s.w.p.DocumentationPluginsBootstrapper - [start,163] - Found 1 custom documentation plugin(s)
17:04:41.999 [main] INFO  s.d.s.w.s.ApiListingReferenceScanner - [scan,41] - Scanning for api listing references
17:04:42.263 [main] INFO  p.y.t.c.JDBCConnectionTest - [logStarted,61] - Started JDBCConnectionTest in 6.026 seconds (JVM running for 7.62)
