15:22:43.389 [SpringContextShutdownHook] INFO  c.a.d.p.DruidDataSource - [close,1948] - {dataSource-1} closing ...
15:22:43.398 [SpringContextShutdownHook] INFO  c.a.d.p.DruidDataSource - [close,2020] - {dataSource-1} closed
15:22:46.060 [main] INFO  p.y.JavaCodeApplication - [logStarting,55] - Starting JavaCodeApplication on YCY.local with PID 70651 (/Users/yangchenyu/workspace/idea/study/java-code/target/classes started by yangchenyu in /Users/yangchenyu/workspace/idea/study/java-code)
15:22:46.064 [main] INFO  p.y.JavaCodeApplication - [logStartupProfileInfo,655] - The following profiles are active: druid,tablecompare
15:22:47.402 [main] INFO  o.a.c.h.Http11NioProtocol - [log,173] - Initializing ProtocolHandler ["http-nio-8080"]
15:22:47.403 [main] INFO  o.a.c.c.StandardService - [log,173] - Starting service [Tomcat]
15:22:47.403 [main] INFO  o.a.c.c.StandardEngine - [log,173] - Starting Servlet engine: [Apache Tomcat/9.0.35]
15:22:47.483 [main] INFO  o.a.c.c.C.[.[.[/code] - [log,173] - Initializing Spring embedded WebApplicationContext
15:22:47.589 [main] INFO  c.a.d.s.b.a.DruidDataSourceAutoConfigure - [dataSource,56] - Init DruidDataSource
15:22:47.939 [main] INFO  c.a.d.p.DruidDataSource - [init,1003] - {dataSource-1} inited
15:22:48.212 [main] INFO  s.d.s.w.PropertySourcedRequestMappingHandlerMapping - [initHandlerMethods,69] - Mapped URL path [/v2/api-docs] onto method [springfox.documentation.swagger2.web.Swagger2Controller#getDocumentation(String, HttpServletRequest)]
15:22:48.989 [main] INFO  o.a.c.h.Http11NioProtocol - [log,173] - Starting ProtocolHandler ["http-nio-8080"]
15:22:49.018 [main] INFO  s.d.s.w.p.DocumentationPluginsBootstrapper - [start,160] - Context refreshed
15:22:49.032 [main] INFO  s.d.s.w.p.DocumentationPluginsBootstrapper - [start,163] - Found 1 custom documentation plugin(s)
15:22:49.061 [main] INFO  s.d.s.w.s.ApiListingReferenceScanner - [scan,41] - Scanning for api listing references
15:22:49.232 [main] INFO  p.y.JavaCodeApplication - [logStarted,61] - Started JavaCodeApplication in 3.576 seconds (JVM running for 4.369)
15:23:00.943 [http-nio-8080-exec-1] INFO  o.a.c.c.C.[.[.[/code] - [log,173] - Initializing Spring DispatcherServlet 'dispatcherServlet'
15:38:58.495 [SpringContextShutdownHook] INFO  c.a.d.p.DruidDataSource - [close,1948] - {dataSource-1} closing ...
15:38:58.504 [SpringContextShutdownHook] INFO  c.a.d.p.DruidDataSource - [close,2020] - {dataSource-1} closed
15:39:03.750 [main] INFO  p.y.JavaCodeApplication - [logStarting,55] - Starting JavaCodeApplication on YCY.local with PID 79313 (/Users/yangchenyu/workspace/idea/study/java-code/target/classes started by yangchenyu in /Users/yangchenyu/workspace/idea/study/java-code)
15:39:03.755 [main] INFO  p.y.JavaCodeApplication - [logStartupProfileInfo,655] - The following profiles are active: druid,tablecompare
15:39:05.409 [main] INFO  o.a.c.h.Http11NioProtocol - [log,173] - Initializing ProtocolHandler ["http-nio-8080"]
15:39:05.411 [main] INFO  o.a.c.c.StandardService - [log,173] - Starting service [Tomcat]
15:39:05.411 [main] INFO  o.a.c.c.StandardEngine - [log,173] - Starting Servlet engine: [Apache Tomcat/9.0.35]
15:39:05.496 [main] INFO  o.a.c.c.C.[.[.[/code] - [log,173] - Initializing Spring embedded WebApplicationContext
15:39:05.672 [main] INFO  c.a.d.s.b.a.DruidDataSourceAutoConfigure - [dataSource,56] - Init DruidDataSource
15:39:06.085 [main] INFO  c.a.d.p.DruidDataSource - [init,1003] - {dataSource-1} inited
15:39:06.431 [main] INFO  s.d.s.w.PropertySourcedRequestMappingHandlerMapping - [initHandlerMethods,69] - Mapped URL path [/v2/api-docs] onto method [springfox.documentation.swagger2.web.Swagger2Controller#getDocumentation(String, HttpServletRequest)]
15:39:07.338 [main] INFO  o.a.c.h.Http11NioProtocol - [log,173] - Starting ProtocolHandler ["http-nio-8080"]
15:39:07.369 [main] INFO  s.d.s.w.p.DocumentationPluginsBootstrapper - [start,160] - Context refreshed
15:39:07.390 [main] INFO  s.d.s.w.p.DocumentationPluginsBootstrapper - [start,163] - Found 1 custom documentation plugin(s)
15:39:07.427 [main] INFO  s.d.s.w.s.ApiListingReferenceScanner - [scan,41] - Scanning for api listing references
15:39:07.653 [main] INFO  p.y.JavaCodeApplication - [logStarted,61] - Started JavaCodeApplication in 4.492 seconds (JVM running for 5.672)
15:39:15.386 [http-nio-8080-exec-1] INFO  o.a.c.c.C.[.[.[/code] - [log,173] - Initializing Spring DispatcherServlet 'dispatcherServlet'
15:42:16.578 [SpringContextShutdownHook] INFO  c.a.d.p.DruidDataSource - [close,1948] - {dataSource-1} closing ...
15:42:16.582 [SpringContextShutdownHook] INFO  c.a.d.p.DruidDataSource - [close,2020] - {dataSource-1} closed
15:42:21.695 [main] INFO  p.y.JavaCodeApplication - [logStarting,55] - Starting JavaCodeApplication on YCY.local with PID 81085 (/Users/yangchenyu/workspace/idea/study/java-code/target/classes started by yangchenyu in /Users/yangchenyu/workspace/idea/study/java-code)
15:42:21.698 [main] INFO  p.y.JavaCodeApplication - [logStartupProfileInfo,655] - The following profiles are active: druid,tablecompare
15:42:23.226 [main] INFO  o.a.c.h.Http11NioProtocol - [log,173] - Initializing ProtocolHandler ["http-nio-8080"]
15:42:23.228 [main] INFO  o.a.c.c.StandardService - [log,173] - Starting service [Tomcat]
15:42:23.228 [main] INFO  o.a.c.c.StandardEngine - [log,173] - Starting Servlet engine: [Apache Tomcat/9.0.35]
15:42:23.304 [main] INFO  o.a.c.c.C.[.[.[/code] - [log,173] - Initializing Spring embedded WebApplicationContext
15:42:23.439 [main] INFO  c.a.d.s.b.a.DruidDataSourceAutoConfigure - [dataSource,56] - Init DruidDataSource
15:42:23.857 [main] INFO  c.a.d.p.DruidDataSource - [init,1003] - {dataSource-1} inited
15:42:24.149 [main] INFO  s.d.s.w.PropertySourcedRequestMappingHandlerMapping - [initHandlerMethods,69] - Mapped URL path [/v2/api-docs] onto method [springfox.documentation.swagger2.web.Swagger2Controller#getDocumentation(String, HttpServletRequest)]
15:42:25.193 [main] INFO  o.a.c.h.Http11NioProtocol - [log,173] - Starting ProtocolHandler ["http-nio-8080"]
15:42:25.224 [main] INFO  s.d.s.w.p.DocumentationPluginsBootstrapper - [start,160] - Context refreshed
15:42:25.241 [main] INFO  s.d.s.w.p.DocumentationPluginsBootstrapper - [start,163] - Found 1 custom documentation plugin(s)
15:42:25.270 [main] INFO  s.d.s.w.s.ApiListingReferenceScanner - [scan,41] - Scanning for api listing references
15:42:25.620 [main] INFO  p.y.JavaCodeApplication - [logStarted,61] - Started JavaCodeApplication in 4.32 seconds (JVM running for 5.101)
15:42:28.382 [http-nio-8080-exec-1] INFO  o.a.c.c.C.[.[.[/code] - [log,173] - Initializing Spring DispatcherServlet 'dispatcherServlet'
15:59:06.158 [SpringContextShutdownHook] INFO  c.a.d.p.DruidDataSource - [close,1948] - {dataSource-1} closing ...
15:59:06.169 [SpringContextShutdownHook] INFO  c.a.d.p.DruidDataSource - [close,2020] - {dataSource-1} closed
15:59:10.834 [main] INFO  p.y.JavaCodeApplication - [logStarting,55] - Starting JavaCodeApplication on YCY.local with PID 90071 (/Users/yangchenyu/workspace/idea/study/java-code/target/classes started by yangchenyu in /Users/yangchenyu/workspace/idea/study/java-code)
15:59:10.839 [main] INFO  p.y.JavaCodeApplication - [logStartupProfileInfo,655] - The following profiles are active: druid,tablecompare
15:59:12.355 [main] INFO  o.a.c.h.Http11NioProtocol - [log,173] - Initializing ProtocolHandler ["http-nio-8080"]
15:59:12.355 [main] INFO  o.a.c.c.StandardService - [log,173] - Starting service [Tomcat]
15:59:12.356 [main] INFO  o.a.c.c.StandardEngine - [log,173] - Starting Servlet engine: [Apache Tomcat/9.0.35]
15:59:12.417 [main] INFO  o.a.c.c.C.[.[.[/code] - [log,173] - Initializing Spring embedded WebApplicationContext
15:59:12.500 [main] INFO  c.a.d.s.b.a.DruidDataSourceAutoConfigure - [dataSource,56] - Init DruidDataSource
15:59:12.826 [main] INFO  c.a.d.p.DruidDataSource - [init,1003] - {dataSource-1} inited
15:59:13.099 [main] INFO  s.d.s.w.PropertySourcedRequestMappingHandlerMapping - [initHandlerMethods,69] - Mapped URL path [/v2/api-docs] onto method [springfox.documentation.swagger2.web.Swagger2Controller#getDocumentation(String, HttpServletRequest)]
15:59:13.894 [main] INFO  o.a.c.h.Http11NioProtocol - [log,173] - Starting ProtocolHandler ["http-nio-8080"]
15:59:13.918 [main] INFO  s.d.s.w.p.DocumentationPluginsBootstrapper - [start,160] - Context refreshed
15:59:13.931 [main] INFO  s.d.s.w.p.DocumentationPluginsBootstrapper - [start,163] - Found 1 custom documentation plugin(s)
15:59:13.955 [main] INFO  s.d.s.w.s.ApiListingReferenceScanner - [scan,41] - Scanning for api listing references
15:59:14.124 [main] INFO  p.y.JavaCodeApplication - [logStarted,61] - Started JavaCodeApplication in 3.858 seconds (JVM running for 4.75)
16:00:51.596 [http-nio-8080-exec-1] INFO  o.a.c.c.C.[.[.[/code] - [log,173] - Initializing Spring DispatcherServlet 'dispatcherServlet'
